<?xml version="1.0" encoding="UTF-8"?>
<!-- Generated by org.testng.reporters.JUnitReportReporter -->
<testsuite hostname="LAPTOP-5JLV1DC3" failures="0" tests="4" name="com.testng.beforeandafter.BeforeAndAfterClass" time="8.193" errors="0" timestamp="2022-08-15T16:58:14 IST" skipped="0">
  <testcase classname="com.testng.beforeandafter.BeforeAndAfterClass" name="navigateToRegistrationForm" time="1.746"/>
  <system-out/>
  <testcase classname="com.testng.beforeandafter.BeforeAndAfterClass" name="navigateToAlertAndPopup" time="2.318"/>
  <system-out/>
  <testcase classname="com.testng.beforeandafter.BeforeAndAfterClass" name="navigateToMultipleWindow" time="2.085"/>
  <system-out/>
  <testcase classname="com.testng.beforeandafter.BeforeAndAfterClass" name="navigateToWebTable" time="2.044"/>
  <system-out/>
</testsuite> <!-- com.testng.beforeandafter.BeforeAndAfterClass -->
