<?xml version="1.0" encoding="UTF-8"?>
<!-- Generated by org.testng.reporters.JUnitReportReporter -->
<testsuite hostname="LAPTOP-5JLV1DC3" failures="0" tests="5" name="com.testng.traning.TestNgDemoAssignment" time="13.849" errors="0" timestamp="2022-09-07T20:07:24 IST" skipped="0">
  <testcase classname="com.testng.traning.TestNgDemoAssignment" name="launchingTheApplication" time="6.481"/>
  <system-out>
    <![CDATA[Application launched successfully]]>
  </system-out>
  <testcase classname="com.testng.traning.TestNgDemoAssignment" name="navigateToRegistrationForm" time="2.145"/>
  <system-out>
    <![CDATA[QA AUTOMATION is displayed
Practice Automation is displayed
The Application is navigated successfully]]>
  </system-out>
  <testcase classname="com.testng.traning.TestNgDemoAssignment" name="registerUser" time="5.009"/>
  <system-out>
    <![CDATA[Register For Demo is displayed
Title is matched
The matched title is : Register For Demo
First Name is enabled
First Name is Hammad
Last Name is enabled
Last Name is Siddiqui
Male Radio Button is enabled
Male Radio Button is selected
Address line1 is enabled
Street : Chowk
Address line2 is enabled
Details : Campwell road
Address line3 is enabled
City : Lucknow
Address line4 is enabled
State : Uttar Pradesh
Address line5 is enabled
Pin/Postal code : 226003
Country drop down is enabled
Country : India
Email is enabled
Email : mohdhammad74@gmail.com
Date is enabled
Date : 08/01/2022
Convenient Time HH is enabled
Convenient Time MM is enabled
Mobile Number is enabled
Mobile Number : 7007112730
UFT is enabled
UFT is selected
TestNG is enabled
TestNG is selected
Enter your query is enabled
Your query : query is entered.
Example number is displayed
Please enter two digits as displayed in Example is enabled
Example : 99
The submit button is enabled
Submit button is clicked
The user is successfully registered]]>
  </system-out>
  <testcase classname="com.testng.traning.TestNgDemoAssignment" name="validateSuccessfulMessage" time="0.046"/>
  <system-out>
    <![CDATA[Registration Form is Successfully Submitted.The Transaction ID : NXTGEN1937465
The successful registered message is validated.]]>
  </system-out>
  <testcase classname="com.testng.traning.TestNgDemoAssignment" name="closingTheApplication" time="0.168"/>
  <system-out>
    <![CDATA[Application is closed!!!!
The Application is successfuly closed .]]>
  </system-out>
</testsuite> <!-- com.testng.traning.TestNgDemoAssignment -->
