<?xml version="1.0" encoding="UTF-8"?>
<!-- Generated by org.testng.reporters.JUnitReportReporter -->
<testsuite hostname="LAPTOP-5JLV1DC3" failures="0" tests="5" name="sample.NewTest1" time="0.016" errors="0" timestamp="2022-08-07T16:50:24 IST" skipped="0">
  <testcase classname="sample.NewTest1" name="d" time="0.001"/>
  <system-out/>
  <testcase classname="sample.NewTest1" name="f" time="0.001"/>
  <system-out/>
  <testcase classname="sample.NewTest1" name="b" time="0.001"/>
  <system-out/>
  <testcase classname="sample.NewTest1" name="a" time="0.011"/>
  <system-out/>
  <testcase classname="sample.NewTest1" name="c" time="0.002"/>
  <system-out/>
</testsuite> <!-- sample.NewTest1 -->
