<?xml version="1.0" encoding="UTF-8"?>
<!-- Generated by org.testng.reporters.JUnitReportReporter -->
<testsuite hostname="LAPTOP-5JLV1DC3" failures="0" tests="4" name="com.testng.beforeandafter.BeforeAndAfterMethod" time="31.353" errors="0" timestamp="2022-08-15T16:59:09 IST" skipped="0">
  <testcase classname="com.testng.beforeandafter.BeforeAndAfterMethod" name="navigateToRegistrationForm" time="7.408"/>
  <system-out/>
  <testcase classname="com.testng.beforeandafter.BeforeAndAfterMethod" name="navigateToAlertAndPopup" time="8.153"/>
  <system-out/>
  <testcase classname="com.testng.beforeandafter.BeforeAndAfterMethod" name="navigateToMultipleWindow" time="7.729"/>
  <system-out/>
  <testcase classname="com.testng.beforeandafter.BeforeAndAfterMethod" name="navigateToWebTable" time="8.063"/>
  <system-out/>
</testsuite> <!-- com.testng.beforeandafter.BeforeAndAfterMethod -->
