<?xml version="1.0" encoding="UTF-8"?>
<!-- Generated by org.testng.reporters.JUnitReportReporter -->
<testsuite hostname="LAPTOP-5JLV1DC3" failures="0" tests="5" name="com.testng.traning.TestNgDemoAssignment" time="15.052" errors="0" timestamp="2022-09-07T20:43:49 IST" skipped="0">
  <testcase classname="com.testng.traning.TestNgDemoAssignment" name="launchingTheApplication" time="6.747"/>
  <system-out/>
  <testcase classname="com.testng.traning.TestNgDemoAssignment" name="navigateToRegistrationForm" time="1.648"/>
  <system-out/>
  <testcase classname="com.testng.traning.TestNgDemoAssignment" name="registerUser" time="4.209"/>
  <system-out/>
  <testcase classname="com.testng.traning.TestNgDemoAssignment" name="validateSuccessfulMessage" time="0.032"/>
  <system-out/>
  <testcase classname="com.testng.traning.TestNgDemoAssignment" name="closingTheApplication" time="2.416"/>
  <system-out/>
</testsuite> <!-- com.testng.traning.TestNgDemoAssignment -->
